app/build/intermediates/manifest_merge_blame_file/debug/manifest-merger-blame-debug-report.txt
1<?xml version="1.0" encoding="utf-8"?>
2<manifest xmlns:android="http://schemas.android.com/apk/res/android"
3    package="com.azhar.moviedb"
4    android:versionCode="1"
5    android:versionName="1.0" >
6
7    <uses-sdk
8        android:minSdkVersion="21"
8-->src\main\AndroidManifest.xml
9        android:targetSdkVersion="29" />
9-->src\main\AndroidManifest.xml
10
11    <uses-permission android:name="android.permission.INTERNET" />
11-->src\main\AndroidManifest.xml:6:5-67
11-->src\main\AndroidManifest.xml:6:22-64
12    <uses-permission android:name="android.permission.WAKE_LOCK" />
12-->src\main\AndroidManifest.xml:7:5-68
12-->src\main\AndroidManifest.xml:7:22-65
13    <uses-permission android:name="android.permission.VIBRATE" />
13-->src\main\AndroidManifest.xml:8:5-66
13-->src\main\AndroidManifest.xml:8:22-63
14    <uses-permission android:name="android.permission.ACCESS_NETWORK_STATE" />
14-->[io.realm:realm-android-library-object-server:5.1.0] AndroidManifest.xml:10:5-79
14-->[io.realm:realm-android-library-object-server:5.1.0] AndroidManifest.xml:10:22-76
15    <uses-permission android:name="android.permission.REORDER_TASKS" />
15-->[androidx.test:core:1.5.0] AndroidManifest.xml:24:5-72
15-->[androidx.test:core:1.5.0] AndroidManifest.xml:24:22-69
16
17    <application
17-->src\main\AndroidManifest.xml:10:5-43:19
18        android:allowBackup="true"
18-->src\main\AndroidManifest.xml:11:9-35
19        android:appComponentFactory="androidx.core.app.CoreComponentFactory"
19-->[androidx.core:core:1.3.0] AndroidManifest.xml:24:18-86
20        android:debuggable="true"
21        android:icon="@mipmap/ic_launcher"
21-->src\main\AndroidManifest.xml:12:9-43
22        android:label="@string/app_name"
22-->src\main\AndroidManifest.xml:13:9-41
23        android:roundIcon="@mipmap/ic_launcher_round"
23-->src\main\AndroidManifest.xml:14:9-54
24        android:supportsRtl="true"
24-->src\main\AndroidManifest.xml:15:9-35
25        android:theme="@style/AppTheme"
25-->src\main\AndroidManifest.xml:16:9-40
26        android:usesCleartextTraffic="true" >
26-->src\main\AndroidManifest.xml:17:9-44
27        <activity android:name="com.dedi.moviedb.activities.SettingActivity" />
27-->src\main\AndroidManifest.xml:18:9-80
27-->src\main\AndroidManifest.xml:18:19-77
28        <activity android:name="com.dedi.moviedb.activities.DetailMovieActivity" />
28-->src\main\AndroidManifest.xml:19:9-84
28-->src\main\AndroidManifest.xml:19:19-81
29        <activity android:name="com.dedi.moviedb.activities.DetailTelevisionActivity" />
29-->src\main\AndroidManifest.xml:20:9-89
29-->src\main\AndroidManifest.xml:20:19-86
30        <activity
30-->src\main\AndroidManifest.xml:21:9-30:20
31            android:name="com.dedi.moviedb.activities.MainActivity"
31-->src\main\AndroidManifest.xml:22:13-68
32            android:configChanges="keyboardHidden|orientation|screenSize"
32-->src\main\AndroidManifest.xml:23:13-74
33            android:windowSoftInputMode="adjustPan" >
33-->src\main\AndroidManifest.xml:24:13-52
34            <intent-filter>
34-->src\main\AndroidManifest.xml:25:13-29:29
35                <action android:name="android.intent.action.MAIN" />
35-->src\main\AndroidManifest.xml:26:17-69
35-->src\main\AndroidManifest.xml:26:25-66
36
37                <category android:name="android.intent.category.LAUNCHER" />
37-->src\main\AndroidManifest.xml:28:17-77
37-->src\main\AndroidManifest.xml:28:27-74
38            </intent-filter>
39        </activity>
40
41        <receiver
41-->src\main\AndroidManifest.xml:32:9-36:47
42            android:name="com.dedi.moviedb.notification.NotificationReleaseReceiver"
42-->src\main\AndroidManifest.xml:33:13-85
43            android:enabled="true"
43-->src\main\AndroidManifest.xml:34:13-35
44            android:exported="true" />
44-->src\main\AndroidManifest.xml:35:13-36
45        <receiver
45-->src\main\AndroidManifest.xml:38:9-42:47
46            android:name="com.dedi.moviedb.notification.NotificationDailyReceiver"
46-->src\main\AndroidManifest.xml:39:13-83
47            android:enabled="true"
47-->src\main\AndroidManifest.xml:40:13-35
48            android:exported="true" />
48-->src\main\AndroidManifest.xml:41:13-36
49
50        <activity
50-->[androidx.test:core:1.5.0] AndroidManifest.xml:27:9-34:20
51            android:name="androidx.test.core.app.InstrumentationActivityInvoker$BootstrapActivity"
51-->[androidx.test:core:1.5.0] AndroidManifest.xml:28:13-99
52            android:exported="true"
52-->[androidx.test:core:1.5.0] AndroidManifest.xml:29:13-36
53            android:theme="@style/WhiteBackgroundTheme" >
53-->[androidx.test:core:1.5.0] AndroidManifest.xml:30:13-56
54            <intent-filter android:priority="-100" >
54-->[androidx.test:core:1.5.0] AndroidManifest.xml:31:13-33:29
54-->[androidx.test:core:1.5.0] AndroidManifest.xml:31:28-51
55                <category android:name="android.intent.category.LAUNCHER" />
55-->src\main\AndroidManifest.xml:28:17-77
55-->src\main\AndroidManifest.xml:28:27-74
56            </intent-filter>
57        </activity>
58        <activity
58-->[androidx.test:core:1.5.0] AndroidManifest.xml:35:9-42:20
59            android:name="androidx.test.core.app.InstrumentationActivityInvoker$EmptyActivity"
59-->[androidx.test:core:1.5.0] AndroidManifest.xml:36:13-95
60            android:exported="true"
60-->[androidx.test:core:1.5.0] AndroidManifest.xml:37:13-36
61            android:theme="@style/WhiteBackgroundTheme" >
61-->[androidx.test:core:1.5.0] AndroidManifest.xml:38:13-56
62            <intent-filter android:priority="-100" >
62-->[androidx.test:core:1.5.0] AndroidManifest.xml:31:13-33:29
62-->[androidx.test:core:1.5.0] AndroidManifest.xml:31:28-51
63                <category android:name="android.intent.category.LAUNCHER" />
63-->src\main\AndroidManifest.xml:28:17-77
63-->src\main\AndroidManifest.xml:28:27-74
64            </intent-filter>
65        </activity>
66        <activity
66-->[androidx.test:core:1.5.0] AndroidManifest.xml:43:9-50:20
67            android:name="androidx.test.core.app.InstrumentationActivityInvoker$EmptyFloatingActivity"
67-->[androidx.test:core:1.5.0] AndroidManifest.xml:44:13-103
68            android:exported="true"
68-->[androidx.test:core:1.5.0] AndroidManifest.xml:45:13-36
69            android:theme="@style/WhiteBackgroundDialogTheme" >
69-->[androidx.test:core:1.5.0] AndroidManifest.xml:46:13-62
70            <intent-filter android:priority="-100" >
70-->[androidx.test:core:1.5.0] AndroidManifest.xml:31:13-33:29
70-->[androidx.test:core:1.5.0] AndroidManifest.xml:31:28-51
71                <category android:name="android.intent.category.LAUNCHER" />
71-->src\main\AndroidManifest.xml:28:17-77
71-->src\main\AndroidManifest.xml:28:27-74
72            </intent-filter>
73        </activity>
74
75        <provider
75-->[androidx.lifecycle:lifecycle-process:2.2.0] AndroidManifest.xml:25:9-29:43
76            android:name="androidx.lifecycle.ProcessLifecycleOwnerInitializer"
76-->[androidx.lifecycle:lifecycle-process:2.2.0] AndroidManifest.xml:26:13-79
77            android:authorities="com.azhar.moviedb.lifecycle-process"
77-->[androidx.lifecycle:lifecycle-process:2.2.0] AndroidManifest.xml:27:13-69
78            android:exported="false"
78-->[androidx.lifecycle:lifecycle-process:2.2.0] AndroidManifest.xml:28:13-37
79            android:multiprocess="true" />
79-->[androidx.lifecycle:lifecycle-process:2.2.0] AndroidManifest.xml:29:13-40
80    </application>
81
82</manifest>